<?xml version="1.0" encoding="UTF-8"?>
<!-- Generated by org.testng.reporters.JUnitReportReporter -->
<testsuite hostname="DESKTOP-IB1ME6F" failures="0" tests="2" name="test.Cucumber.Runner" time="68.329" errors="0" timestamp="24 Feb 2024 10:40:23 GMT" skipped="0">
  <testcase classname="test.Cucumber.Runner" name="runScenario" time="32.964"/>
  <testcase classname="test.Cucumber.Runner" name="runScenario" time="35.365"/>
</testsuite> <!-- test.Cucumber.Runner -->
